<?xml version="1.0" encoding="UTF-8"?>
<testsuites name="Metode DDT" time="37.956" tests="2" failures="0" errors="0">
   <testsuite name="Metode DDT" tests="2" failures="0" errors="0" time="37.956" skipped="0" timestamp="2023-04-19 16:36:04" hostname="LENOVO - DESKTOP-0EH6HA0" id="Test Suites/Metode DDT">
      <properties>
         <property name="deviceName" value=""/>
         <property name="devicePlatform" value=""/>
         <property name="logFolder" value="C:\\Users\\LENOVO\\Desktop\\B#6\\TASK\\DAY 7 KATALON UPLOAD FILES\\Katalon Upload Files\\Reports\\20230419_163556\\Metode DDT\\20230419_163556"/>
         <property name="logFiles" value="C:\\Users\\LENOVO\\Desktop\\B#6\\TASK\\DAY 7 KATALON UPLOAD FILES\\Katalon Upload Files\\Reports\\20230419_163556\\Metode DDT\\20230419_163556\\execution0.log"/>
         <property name="attachments" value="C:\\Users\\LENOVO\\Desktop\\B#6\\TASK\\DAY 7 KATALON UPLOAD FILES\\Katalon Upload Files\\Reports\\20230419_163556\\Metode DDT\\20230419_163556\\1681896979035.png, C:\\Users\\LENOVO\\Desktop\\B#6\\TASK\\DAY 7 KATALON UPLOAD FILES\\Katalon Upload Files\\Reports\\20230419_163556\\Metode DDT\\20230419_163556\\1681896981743.png, C:\\Users\\LENOVO\\Desktop\\B#6\\TASK\\DAY 7 KATALON UPLOAD FILES\\Katalon Upload Files\\Reports\\20230419_163556\\Metode DDT\\20230419_163556\\1681896997823.png, C:\\Users\\LENOVO\\Desktop\\B#6\\TASK\\DAY 7 KATALON UPLOAD FILES\\Katalon Upload Files\\Reports\\20230419_163556\\Metode DDT\\20230419_163556\\1681897001725.png"/>
         <property name="hostName" value="LENOVO - DESKTOP-0EH6HA0"/>
         <property name="os" value="Windows 10 64bit"/>
         <property name="katalonVersion" value="8.5.5.208"/>
         <property name="browser" value="Chrome 112.0.0.0"/>
         <property name="hostAddress" value="192.168.145.27"/>
         <property name="sessionId" value="29a6b74ea359d83ef3702290a65d8b28"/>
         <property name="seleniumVersion" value="3.141.59"/>
         <property name="proxyInformation" value="ProxyInformation { proxyOption=NO_PROXY, proxyServerType=HTTP, username=, password=********, proxyServerAddress=, proxyServerPort=0, executionList=&quot;&quot;, isApplyToDesiredCapabilities=true }"/>
         <property name="platform" value="Windows 10"/>
      </properties>
      <testcase name="Test Cases/Metode DDT/TCUploadF 01 - Upload foto" time="17.243" classname="Test Cases/Metode DDT/TCUploadF 01 - Upload foto" status="PASSED">
         <system-out><![CDATA[2023-04-19 16:36:05 - [TEST_CASE][PASSED] - Test Cases/Metode DDT/TCUploadF 01 - Upload foto: Test Cases/Metode DDT/TCUploadF 01 - Upload foto

2023-04-19 16:36:06 - [TEST_STEP][PASSED] - openBrowser(""): Browser is opened with url: ''

2023-04-19 16:36:07 - [MESSAGE][INFO] - Starting 'Chrome' driver

2023-04-19 16:36:07 - [MESSAGE][INFO] - Action delay is set to 0 milliseconds

2023-04-19 16:36:11 - [MESSAGE][PASSED] - Browser is opened with url: ''

2023-04-19 16:36:11 - [TEST_STEP][PASSED] - navigateToUrl("http://the-internet.herokuapp.com/upload"): Navigate to 'http://the-internet.herokuapp.com/upload' successfully

2023-04-19 16:36:18 - [MESSAGE][PASSED] - Navigate to 'http://the-internet.herokuapp.com/upload' successfully

2023-04-19 16:36:18 - [TEST_STEP][PASSED] - folder = System.getProperty("user.dir"): null

2023-04-19 16:36:18 - [TEST_STEP][PASSED] - uploadFile(findTestObject("File Upload/btn_choose file"), folder + "/Upload/alien.png"): File 'C:\Users\LENOVO\Desktop\B#6\TASK\DAY 7 KATALON UPLOAD FILES\Katalon Upload Files/Upload/alien.png' sent to object: 'Object Repository/File Upload/btn_choose file'

2023-04-19 16:36:18 - [MESSAGE][PASSED] - File 'C:\Users\LENOVO\Desktop\B#6\TASK\DAY 7 KATALON UPLOAD FILES\Katalon Upload Files/Upload/alien.png' sent to object: 'Object Repository/File Upload/btn_choose file'

2023-04-19 16:36:18 - [TEST_STEP][PASSED] - takeFullPageScreenshot(): Taking screenshot successfully

2023-04-19 16:36:19 - [MESSAGE][INFO] - 0 hidden object(s)

2023-04-19 16:36:20 - [MESSAGE][PASSED] - Taking screenshot successfully
[[ATTACHMENT|C:\\Users\\LENOVO\\Desktop\\B#6\\TASK\\DAY 7 KATALON UPLOAD FILES\\Katalon Upload Files\\Reports\\20230419_163556\\Metode DDT\\20230419_163556\\1681896979035.png]]

2023-04-19 16:36:20 - [TEST_STEP][PASSED] - click(findTestObject("File Upload/btn_upload")): Object: 'Object Repository/File Upload/btn_upload' is clicked on

2023-04-19 16:36:21 - [MESSAGE][PASSED] - Object: 'Object Repository/File Upload/btn_upload' is clicked on

2023-04-19 16:36:21 - [TEST_STEP][PASSED] - verifyElementText(findTestObject("Alert/h3_File Uploaded"), "File Uploaded!"): Actual text and expected text of test object 'Object Repository/Alert/h3_File Uploaded' are matched.

2023-04-19 16:36:21 - [MESSAGE][PASSED] - Actual text and expected text of test object 'Object Repository/Alert/h3_File Uploaded' are matched.

2023-04-19 16:36:21 - [TEST_STEP][PASSED] - takeFullPageScreenshot(): Taking screenshot successfully

2023-04-19 16:36:22 - [MESSAGE][INFO] - 0 hidden object(s)

2023-04-19 16:36:22 - [MESSAGE][PASSED] - Taking screenshot successfully
[[ATTACHMENT|C:\\Users\\LENOVO\\Desktop\\B#6\\TASK\\DAY 7 KATALON UPLOAD FILES\\Katalon Upload Files\\Reports\\20230419_163556\\Metode DDT\\20230419_163556\\1681896981743.png]]]]></system-out>
         <system-err><![CDATA[]]></system-err>
      </testcase>
      <testcase name="Test Cases/Metode DDT/TCUploadF 02 - Upload file" time="19.847" classname="Test Cases/Metode DDT/TCUploadF 02 - Upload file" status="PASSED">
         <system-out><![CDATA[2023-04-19 16:36:22 - [TEST_CASE][PASSED] - Test Cases/Metode DDT/TCUploadF 02 - Upload file: Test Cases/Metode DDT/TCUploadF 02 - Upload file

2023-04-19 16:36:23 - [TEST_STEP][PASSED] - openBrowser(""): Browser is opened with url: ''

2023-04-19 16:36:23 - [MESSAGE][WARNING] - A browser is already opened. Closing browser and opening a new one

2023-04-19 16:36:24 - [MESSAGE][INFO] - Starting 'Chrome' driver

2023-04-19 16:36:24 - [MESSAGE][INFO] - Action delay is set to 0 milliseconds

2023-04-19 16:36:26 - [MESSAGE][PASSED] - Browser is opened with url: ''

2023-04-19 16:36:26 - [TEST_STEP][PASSED] - navigateToUrl("http://the-internet.herokuapp.com/upload"): Navigate to 'http://the-internet.herokuapp.com/upload' successfully

2023-04-19 16:36:37 - [MESSAGE][PASSED] - Navigate to 'http://the-internet.herokuapp.com/upload' successfully

2023-04-19 16:36:37 - [TEST_STEP][PASSED] - folder = System.getProperty("user.dir"): null

2023-04-19 16:36:37 - [TEST_STEP][PASSED] - uploadFile(findTestObject("File Upload/btn_choose file"), folder + "/Upload/[Team 3] QA 6 Update Progres.docx"): File 'C:\Users\LENOVO\Desktop\B#6\TASK\DAY 7 KATALON UPLOAD FILES\Katalon Upload Files/Upload/[Team 3] QA 6 Update Progres.docx' sent to object: 'Object Repository/File Upload/btn_choose file'

2023-04-19 16:36:37 - [MESSAGE][PASSED] - File 'C:\Users\LENOVO\Desktop\B#6\TASK\DAY 7 KATALON UPLOAD FILES\Katalon Upload Files/Upload/[Team 3] QA 6 Update Progres.docx' sent to object: 'Object Repository/File Upload/btn_choose file'

2023-04-19 16:36:37 - [TEST_STEP][PASSED] - takeFullPageScreenshot(): Taking screenshot successfully

2023-04-19 16:36:38 - [MESSAGE][INFO] - 0 hidden object(s)

2023-04-19 16:36:38 - [MESSAGE][PASSED] - Taking screenshot successfully
[[ATTACHMENT|C:\\Users\\LENOVO\\Desktop\\B#6\\TASK\\DAY 7 KATALON UPLOAD FILES\\Katalon Upload Files\\Reports\\20230419_163556\\Metode DDT\\20230419_163556\\1681896997823.png]]

2023-04-19 16:36:38 - [TEST_STEP][PASSED] - click(findTestObject("File Upload/btn_upload")): Object: 'Object Repository/File Upload/btn_upload' is clicked on

2023-04-19 16:36:41 - [MESSAGE][PASSED] - Object: 'Object Repository/File Upload/btn_upload' is clicked on

2023-04-19 16:36:41 - [TEST_STEP][PASSED] - verifyElementText(findTestObject("Alert/h3_File Uploaded"), "File Uploaded!"): Actual text and expected text of test object 'Object Repository/Alert/h3_File Uploaded' are matched.

2023-04-19 16:36:41 - [MESSAGE][PASSED] - Actual text and expected text of test object 'Object Repository/Alert/h3_File Uploaded' are matched.

2023-04-19 16:36:41 - [TEST_STEP][PASSED] - takeFullPageScreenshot(): Taking screenshot successfully

2023-04-19 16:36:42 - [MESSAGE][INFO] - 0 hidden object(s)

2023-04-19 16:36:42 - [MESSAGE][PASSED] - Taking screenshot successfully
[[ATTACHMENT|C:\\Users\\LENOVO\\Desktop\\B#6\\TASK\\DAY 7 KATALON UPLOAD FILES\\Katalon Upload Files\\Reports\\20230419_163556\\Metode DDT\\20230419_163556\\1681897001725.png]]]]></system-out>
         <system-err><![CDATA[]]></system-err>
      </testcase>
      <system-out><![CDATA[2023-04-19 16:36:04 - [TEST_SUITE][PASSED] - Metode DDT: Test Cases/Metode DDT/TCUploadF 02 - Upload file]]></system-out>
      <system-err><![CDATA[]]></system-err>
   </testsuite>
</testsuites>
